
The following have been reloaded with a version change:
  1) NiaEnv/2018a => NiaEnv/2019b


scontrol show jobid 3417751
JobId=3417751 JobName=gillespie-sir
   UserId=jbroths(3061232) GroupId=zilmana(6002070) MCS_label=N/A
   Priority=2053127 Nice=0 Account=rrg-zilmana QOS=normal
   JobState=COMPLETING Reason=None Dependency=(null)
   Requeue=0 Restarts=0 BatchFlag=1 Reboot=0 ExitCode=0:0
   RunTime=00:01:41 TimeLimit=00:15:00 TimeMin=N/A
   SubmitTime=2020-06-07T16:47:38 EligibleTime=2020-06-07T16:47:38
   AccrueTime=2020-06-07T16:47:38
   StartTime=2020-06-07T16:49:26 EndTime=2020-06-07T16:51:07 Deadline=N/A
   SuspendTime=None SecsPreSuspend=0 LastSchedEval=2020-06-07T16:49:26
   Partition=compute AllocNode:Sid=nia-login03:457998
   ReqNodeList=(null) ExcNodeList=(null)
   NodeList=nia1370
   BatchHost=nia1370
   NumNodes=1 NumCPUs=80 NumTasks=40 CPUs/Task=1 ReqB:S:C:T=0:0:*:*
   TRES=cpu=80,node=1,billing=40
   Socks/Node=* NtasksPerN:B:S:C=0:0:*:* CoreSpec=*
   MinCPUsNode=1 MinMemoryNode=0 MinTmpDiskNode=0
   Features=[skylake|cascade] DelayBoot=00:00:00
   OverSubscribe=NO Contiguous=0 Licenses=(null) Network=(null)
   Command=/gpfs/fs0/scratch/z/zilmana/jbroths/project-abundance/gillespie/niagara_submit.sh
   WorkDir=/gpfs/fs0/scratch/z/zilmana/jbroths/project-abundance/gillespie
   StdErr=/gpfs/fs0/scratch/z/zilmana/jbroths/project-abundance/gillespie/slurm-3417751.out
   StdIn=/dev/null
   StdOut=/gpfs/fs0/scratch/z/zilmana/jbroths/project-abundance/gillespie/slurm-3417751.out
   Power=

sacct -j 3417751
       JobID    JobName    Account    Elapsed  MaxVMSize     MaxRSS  SystemCPU    UserCPU ExitCode 
------------ ---------- ---------- ---------- ---------- ---------- ---------- ---------- -------- 
3417751      gillespie+ rrg-zilma+   00:01:41                        00:46.569  54:18.158      0:0 
3417751.bat+      batch rrg-zilma+   00:01:41  21063296K   1524912K  00:46.568  54:18.158      0:0 
3417751.ext+     extern rrg-zilma+   00:01:41    137128K       808K   00:00:00   00:00:00      0:0 
