\BOOKMARK [1][-]{section.1}{Introduction}{}% 1
\BOOKMARK [1][-]{section.2}{Master equation}{}% 2
\BOOKMARK [2][-]{subsection.2.1}{General approach}{section.2}% 3
\BOOKMARK [2][-]{subsection.2.2}{Abundance distribution for immigration-birth-death process}{section.2}% 4
\BOOKMARK [3][-]{subsubsection.2.2.1}{=0}{subsection.2.2}% 5
\BOOKMARK [3][-]{subsubsection.2.2.2}{0 < < 1}{subsection.2.2}% 6
\BOOKMARK [3][-]{subsubsection.2.2.3}{=1}{subsection.2.2}% 7
\BOOKMARK [3][-]{subsubsection.2.2.4}{Mean field abundance}{subsection.2.2}% 8
\BOOKMARK [1][-]{section.3}{Moran Model}{}% 9
\BOOKMARK [2][-]{subsection.3.1}{Immigration between islands}{section.3}% 10
\BOOKMARK [2][-]{subsection.3.2}{Simple immigraion}{section.3}% 11
\BOOKMARK [2][-]{subsection.3.3}{Fokker-Planck approximation}{section.3}% 12
\BOOKMARK [1][-]{section.4}{Deterministic dynamics}{}% 13
\BOOKMARK [2][-]{subsection.4.1}{Deriving Lotka-Voltera from the master equation}{section.4}% 14
\BOOKMARK [2][-]{subsection.4.2}{Stability of fixed points}{section.4}% 15
\BOOKMARK [1][-]{section.5}{First passage times}{}% 16
\BOOKMARK [2][-]{subsection.5.1}{Stability of distribution}{section.5}% 17
\BOOKMARK [2][-]{subsection.5.2}{Mean time to transition}{section.5}% 18
\BOOKMARK [1][-]{section*.3}{Appendices}{}% 19
\BOOKMARK [1][-]{appendix.1.A}{Abundance from probability distribution}{}% 20
\BOOKMARK [1][-]{appendix.1.B}{Moran model abundance distribution}{}% 21
\BOOKMARK [1][-]{appendix.1.C}{Deterministic Solution}{}% 22
